Checking that ptrace can change system call numbers...Core dump limits :
	soft - 0
	hard - NONE
OK
Checking syscall emulation patch for ptrace...Core dump limits :
	soft - 0
	hard - NONE
OK
Checking advanced syscall emulation patch for ptrace...Core dump limits :
	soft - 0
	hard - NONE
OK
Core dump limits :
	soft - 0
	hard - NONE
Checking for tmpfs mount on /dev/shm...nothing mounted on /dev/shm
Checking PROT_EXEC mmap in /tmp/...OK
Checking for the skas3 patch in the host:
  - /proc/mm...not found: No such file or directory
  - PTRACE_FAULTINFO...not found
OK
  - PTRACE_LDT...not found
OK
OK
UML running in SKAS0 mode
Adding 25358336 bytes to physical memory to account for exec-shield gap
